<?xml version="1.0" encoding="UTF-8"?>
<testng-results skipped="0" failed="0" ignored="0" total="3" passed="3">
  <reporter-output>
  </reporter-output>
  <suite name="Suite" duration-ms="17660" started-at="2021-05-07T09:01:34Z" finished-at="2021-05-07T09:01:51Z">
    <groups>
    </groups>
    <test name="Test" duration-ms="17660" started-at="2021-05-07T09:01:34Z" finished-at="2021-05-07T09:01:51Z">
      <class name="org.sample.projectjava.SurfWebSitesTest">
        <test-method status="PASS" signature="setupDriver()[pri:0, instance:org.sample.projectjava.SurfWebSitesTest@add0edd]" name="setupDriver" is-config="true" duration-ms="2277" started-at="2021-05-07T09:01:34Z" finished-at="2021-05-07T09:01:36Z">
          <reporter-output>
          </reporter-output>
        </test-method> <!-- setupDriver -->
        <test-method status="PASS" signature="surfSites(java.lang.String)[pri:0, instance:org.sample.projectjava.SurfWebSitesTest@add0edd]" name="surfSites" duration-ms="1694" started-at="2021-05-07T09:01:37Z" data-provider="getSiteURLs" finished-at="2021-05-07T09:01:39Z">
          <params>
            <param index="0">
              <value>
                <![CDATA[https://www.google.com/]]>
              </value>
            </param>
          </params>
          <reporter-output>
          </reporter-output>
        </test-method> <!-- surfSites -->
        <test-method status="PASS" signature="surfSites(java.lang.String)[pri:0, instance:org.sample.projectjava.SurfWebSitesTest@add0edd]" name="surfSites" duration-ms="3055" started-at="2021-05-07T09:01:39Z" data-provider="getSiteURLs" finished-at="2021-05-07T09:01:42Z">
          <params>
            <param index="0">
              <value>
                <![CDATA[https://the-internet.herokuapp.com/]]>
              </value>
            </param>
          </params>
          <reporter-output>
          </reporter-output>
        </test-method> <!-- surfSites -->
        <test-method status="PASS" signature="surfSites(java.lang.String)[pri:0, instance:org.sample.projectjava.SurfWebSitesTest@add0edd]" name="surfSites" duration-ms="8957" started-at="2021-05-07T09:01:42Z" data-provider="getSiteURLs" finished-at="2021-05-07T09:01:51Z">
          <params>
            <param index="0">
              <value>
                <![CDATA[https://www.wikipedia.org/]]>
              </value>
            </param>
          </params>
          <reporter-output>
          </reporter-output>
        </test-method> <!-- surfSites -->
        <test-method status="PASS" signature="tearDown()[pri:0, instance:org.sample.projectjava.SurfWebSitesTest@add0edd]" name="tearDown" is-config="true" duration-ms="677" started-at="2021-05-07T09:01:51Z" finished-at="2021-05-07T09:01:51Z">
          <reporter-output>
          </reporter-output>
        </test-method> <!-- tearDown -->
      </class> <!-- org.sample.projectjava.SurfWebSitesTest -->
    </test> <!-- Test -->
  </suite> <!-- Suite -->
</testng-results>
