<?xml version="1.0" encoding="UTF-8"?>
<testng-results ignored="0" total="1" passed="1" failed="0" skipped="0">
  <reporter-output>
  </reporter-output>
  <suite started-at="2021-05-07T10:03:41Z" name="Default suite" finished-at="2021-05-07T10:03:49Z" duration-ms="8349">
    <groups>
      <group name="cucumber">
        <method signature="AbstractTestNGCucumberTests.feature(cucumber.api.testng.CucumberFeatureWrapper)[pri:0, instance:cucumber.options.TestRunner@352c1b98]" name="feature" class="cucumber.api.testng.AbstractTestNGCucumberTests"/>
      </group> <!-- cucumber -->
    </groups>
    <test started-at="2021-05-07T10:03:41Z" name="Default test" finished-at="2021-05-07T10:03:49Z" duration-ms="8349">
      <class name="cucumber.options.TestRunner">
        <test-method is-config="true" signature="setUpClass()[pri:0, instance:cucumber.options.TestRunner@352c1b98]" started-at="2021-05-07T10:03:41Z" name="setUpClass" finished-at="2021-05-07T10:03:41Z" duration-ms="322" status="PASS">
          <reporter-output>
          </reporter-output>
        </test-method> <!-- setUpClass -->
        <test-method signature="feature(cucumber.api.testng.CucumberFeatureWrapper)[pri:0, instance:cucumber.options.TestRunner@352c1b98]" started-at="2021-05-07T10:03:41Z" name="feature" description="Runs Cucumber Feature" data-provider="features" finished-at="2021-05-07T10:03:49Z" duration-ms="7700" status="PASS">
          <params>
            <param index="0">
              <value>
                <![CDATA[In order to surf different sites]]>
              </value>
            </param>
          </params>
          <reporter-output>
          </reporter-output>
        </test-method> <!-- feature -->
        <test-method is-config="true" signature="tearDownClass()[pri:0, instance:cucumber.options.TestRunner@352c1b98]" started-at="2021-05-07T10:03:49Z" name="tearDownClass" finished-at="2021-05-07T10:03:49Z" duration-ms="208" status="PASS">
          <reporter-output>
          </reporter-output>
        </test-method> <!-- tearDownClass -->
      </class> <!-- cucumber.options.TestRunner -->
    </test> <!-- Default test -->
  </suite> <!-- Default suite -->
</testng-results>
